\BOOKMARK [1][-]{titlepage.1}{\376\377\000T\000i\000t\000l\000e\000p\000a\000g\000e}{}% 1
\BOOKMARK [1][-]{abstract.1}{\376\377\000A\000b\000s\000t\000r\000a\000c\000t}{}% 2
\BOOKMARK [1][-]{abstractgenaud.1}{\376\377\000G\000e\000n\000e\000r\000a\000l\000\040\000A\000u\000d\000i\000e\000n\000c\000e\000\040\000A\000b\000s\000t\000r\000a\000c\000t}{}% 3
\BOOKMARK [1][-]{dedication.1}{\376\377\000D\000e\000d\000i\000c\000a\000t\000i\000o\000n}{}% 4
\BOOKMARK [1][-]{acknowledgements.1}{\376\377\000A\000c\000k\000n\000o\000w\000l\000e\000d\000g\000e\000m\000e\000n\000t\000s}{}% 5
\BOOKMARK [0][-]{chapter*.4}{\376\377\000L\000i\000s\000t\000\040\000o\000f\000\040\000F\000i\000g\000u\000r\000e\000s}{}% 6
\BOOKMARK [0][-]{chapter*.5}{\376\377\000L\000i\000s\000t\000\040\000o\000f\000\040\000T\000a\000b\000l\000e\000s}{}% 7
\BOOKMARK [0][-]{chapter*.6}{\376\377\000L\000i\000s\000t\000\040\000o\000f\000\040\000A\000b\000b\000r\000e\000v\000i\000a\000t\000i\000o\000n\000s}{}% 8
\BOOKMARK [0][-]{chapter.1}{\376\377\000I\000n\000t\000r\000o\000d\000u\000c\000t\000i\000o\000n}{}% 9
\BOOKMARK [1][-]{section.1.1}{\376\377\000M\000a\000i\000n\000\040\000R\000e\000s\000u\000l\000t\000s}{chapter.1}% 10
\BOOKMARK [1][-]{section.1.2}{\376\377\000C\000o\000n\000t\000r\000i\000b\000u\000t\000i\000o\000n\000s}{chapter.1}% 11
\BOOKMARK [1][-]{section.1.3}{\376\377\000S\000c\000o\000p\000e\000\040\000a\000n\000d\000\040\000L\000i\000m\000i\000t\000a\000t\000i\000o\000n\000s}{chapter.1}% 12
\BOOKMARK [1][-]{section.1.4}{\376\377\000T\000h\000e\000s\000i\000s\000\040\000O\000r\000g\000a\000n\000i\000z\000a\000t\000i\000o\000n}{chapter.1}% 13
\BOOKMARK [0][-]{chapter.2}{\376\377\000B\000a\000c\000k\000g\000r\000o\000u\000n\000d}{}% 14
\BOOKMARK [1][-]{section.2.1}{\376\377\000B\000i\000t\000c\000o\000i\000n\000\040\000S\000c\000r\000i\000p\000t\000\040\000a\000n\000d\000\040\000I\000t\000s\000\040\000L\000i\000m\000i\000t\000a\000t\000i\000o\000n\000s}{chapter.2}% 15
\BOOKMARK [1][-]{section.2.2}{\376\377\000T\000r\000a\000n\000s\000a\000c\000t\000i\000o\000n\000\040\000I\000n\000t\000r\000o\000s\000p\000e\000c\000t\000i\000o\000n}{chapter.2}% 16
\BOOKMARK [1][-]{section.2.3}{\376\377\000C\000o\000v\000e\000n\000a\000n\000t\000s\000:\000\040\000G\000e\000n\000e\000r\000i\000c\000\040\000a\000n\000d\000\040\000P\000u\000r\000p\000o\000s\000e\000-\000B\000u\000i\000l\000t}{chapter.2}% 17
\BOOKMARK [2][-]{subsection.2.3.1}{\376\377\000G\000e\000n\000e\000r\000i\000c\000\040\000C\000o\000v\000e\000n\000a\000n\000t\000s}{section.2.3}% 18
\BOOKMARK [2][-]{subsection.2.3.2}{\376\377\000P\000u\000r\000p\000o\000s\000e\000-\000B\000u\000i\000l\000t\000\040\000C\000o\000v\000e\000n\000a\000n\000t\000s}{section.2.3}% 19
\BOOKMARK [2][-]{subsection.2.3.3}{\376\377\000T\000h\000e\000\040\000R\000e\000c\000u\000r\000s\000i\000v\000e\000\040\000C\000o\000v\000e\000n\000a\000n\000t\000\040\000Q\000u\000e\000s\000t\000i\000o\000n}{section.2.3}% 20
\BOOKMARK [1][-]{section.2.4}{\376\377\000V\000a\000u\000l\000t\000\040\000L\000i\000f\000e\000c\000y\000c\000l\000e\000\040\000a\000n\000d\000\040\000T\000h\000r\000e\000a\000t\000\040\000M\000o\000d\000e\000l}{chapter.2}% 21
\BOOKMARK [2][-]{subsection.2.4.1}{\376\377\000T\000h\000r\000e\000a\000t\000\040\000M\000o\000d\000e\000l\000\040\000A\000s\000s\000u\000m\000p\000t\000i\000o\000n\000s\000\040\000\050\000K\000e\000r\000c\000k\000h\000o\000f\000f\000s\000\051}{section.2.4}% 22
\BOOKMARK [2][-]{subsection.2.4.2}{\376\377\000T\000h\000r\000e\000a\000t\000\040\000T\000a\000x\000o\000n\000o\000m\000y}{section.2.4}% 23
\BOOKMARK [1][-]{section.2.5}{\376\377\000O\000P\000\137\000C\000H\000E\000C\000K\000T\000E\000M\000P\000L\000A\000T\000E\000V\000E\000R\000I\000F\000Y\000\040\000\050\000C\000T\000V\000\051}{chapter.2}% 24
\BOOKMARK [1][-]{section.2.6}{\376\377\000O\000P\000\137\000C\000H\000E\000C\000K\000C\000O\000N\000T\000R\000A\000C\000T\000V\000E\000R\000I\000F\000Y\000\040\000\050\000C\000C\000V\000\051}{chapter.2}% 25
\BOOKMARK [1][-]{section.2.7}{\376\377\000O\000P\000\137\000V\000A\000U\000L\000T\000\040\000\050\000B\000I\000P\000-\0003\0004\0005\000\051}{chapter.2}% 26
\BOOKMARK [1][-]{section.2.8}{\376\377\000C\000A\000T\000+\000C\000S\000F\000S\000\040\000\050\000B\000I\000P\000-\0003\0004\0007\000\040\000+\000\040\000B\000I\000P\000-\0003\0004\0008\000\051}{chapter.2}% 27
\BOOKMARK [1][-]{section.2.9}{\376\377\000S\000i\000m\000p\000l\000i\000c\000i\000t\000y\000\040\000o\000n\000\040\000E\000l\000e\000m\000e\000n\000t\000s\000:\000\040\000A\000n\000\040\000A\000l\000t\000e\000r\000n\000a\000t\000i\000v\000e\000\040\000S\000c\000r\000i\000p\000t\000\040\000P\000r\000i\000m\000i\000t\000i\000v\000e}{chapter.2}% 28
\BOOKMARK [1][-]{section.2.10}{\376\377\000T\000h\000e\000\040\000D\000e\000s\000i\000g\000n\000-\000S\000p\000a\000c\000e\000\040\000A\000x\000e\000s}{chapter.2}% 29
\BOOKMARK [2][-]{subsection.2.10.1}{\376\377\000A\000x\000i\000s\000\040\000D\000e\000f\000i\000n\000i\000t\000i\000o\000n\000s}{section.2.10}% 30
\BOOKMARK [2][-]{subsection.2.10.2}{\376\377\000F\000o\000u\000r\000-\000C\000o\000v\000e\000n\000a\000n\000t\000\040\000P\000o\000s\000i\000t\000i\000o\000n\000\040\000T\000a\000b\000l\000e}{section.2.10}% 31
\BOOKMARK [2][-]{subsection.2.10.3}{\376\377\000S\000t\000r\000u\000c\000t\000u\000r\000a\000l\000\040\000D\000e\000p\000e\000n\000d\000e\000n\000c\000i\000e\000s\000\040\000B\000e\000t\000w\000e\000e\000n\000\040\000A\000x\000e\000s}{section.2.10}% 32
\BOOKMARK [0][-]{chapter.3}{\376\377\000M\000e\000a\000s\000u\000r\000e\000m\000e\000n\000t\000\040\000M\000e\000t\000h\000o\000d\000o\000l\000o\000g\000y}{}% 33
\BOOKMARK [1][-]{section.3.1}{\376\377\000F\000r\000a\000m\000e\000w\000o\000r\000k\000\040\000A\000r\000c\000h\000i\000t\000e\000c\000t\000u\000r\000e}{chapter.3}% 34
\BOOKMARK [2][-]{subsection.3.1.1}{\376\377\000A\000d\000a\000p\000t\000e\000r\000\040\000I\000n\000t\000e\000r\000f\000a\000c\000e}{section.3.1}% 35
\BOOKMARK [2][-]{subsection.3.1.2}{\376\377\000C\000a\000p\000a\000b\000i\000l\000i\000t\000y\000-\000B\000a\000s\000e\000d\000\040\000D\000i\000s\000p\000a\000t\000c\000h}{section.3.1}% 36
\BOOKMARK [2][-]{subsection.3.1.3}{\376\377\000I\000m\000p\000l\000e\000m\000e\000n\000t\000a\000t\000i\000o\000n\000\040\000P\000r\000o\000v\000e\000n\000a\000n\000c\000e}{section.3.1}% 37
\BOOKMARK [1][-]{section.3.2}{\376\377\000P\000r\000i\000m\000a\000r\000y\000\040\000M\000e\000t\000r\000i\000c\000:\000\040\000V\000i\000r\000t\000u\000a\000l\000\040\000S\000i\000z\000e}{chapter.3}% 38
\BOOKMARK [2][-]{subsection.3.2.1}{\376\377\000F\000e\000e\000\040\000P\000r\000o\000j\000e\000c\000t\000i\000o\000n\000\040\000M\000o\000d\000e\000l}{section.3.2}% 39
\BOOKMARK [1][-]{section.3.3}{\376\377\000R\000a\000t\000i\000o\000n\000a\000l\000i\000t\000y\000\040\000a\000n\000d\000\040\000S\000c\000o\000p\000e\000\040\000C\000o\000n\000v\000e\000n\000t\000i\000o\000n\000s}{chapter.3}% 40
\BOOKMARK [1][-]{section.3.4}{\376\377\000R\000e\000g\000t\000e\000s\000t\000\040\000V\000a\000l\000i\000d\000i\000t\000y}{chapter.3}% 41
\BOOKMARK [1][-]{section.3.5}{\376\377\000E\000x\000p\000e\000r\000i\000m\000e\000n\000t\000\040\000C\000a\000t\000a\000l\000o\000g}{chapter.3}% 42
\BOOKMARK [1][-]{section.3.6}{\376\377\000N\000o\000d\000e\000\040\000I\000n\000f\000r\000a\000s\000t\000r\000u\000c\000t\000u\000r\000e}{chapter.3}% 43
\BOOKMARK [0][-]{chapter.4}{\376\377\000E\000m\000p\000i\000r\000i\000c\000a\000l\000\040\000R\000e\000s\000u\000l\000t\000s}{}% 44
\BOOKMARK [1][-]{section.4.1}{\376\377\000L\000i\000f\000e\000c\000y\000c\000l\000e\000\040\000C\000o\000s\000t\000\040\000M\000e\000a\000s\000u\000r\000e\000m\000e\000n\000t\000s}{chapter.4}% 45
\BOOKMARK [1][-]{section.4.2}{\376\377\000O\000P\000\137\000V\000A\000U\000L\000T\000\040\000V\000s\000i\000z\000e\000\040\000C\000o\000r\000r\000e\000c\000t\000i\000o\000n}{chapter.4}% 46
\BOOKMARK [1][-]{section.4.3}{\376\377\000B\000a\000t\000c\000h\000i\000n\000g\000\040\000E\000f\000f\000i\000c\000i\000e\000n\000c\000y}{chapter.4}% 47
\BOOKMARK [1][-]{section.4.4}{\376\377\000R\000e\000v\000a\000u\000l\000t\000\040\000A\000m\000p\000l\000i\000f\000i\000c\000a\000t\000i\000o\000n}{chapter.4}% 48
\BOOKMARK [1][-]{section.4.5}{\376\377\000A\000d\000d\000r\000e\000s\000s\000\040\000R\000e\000u\000s\000e}{chapter.4}% 49
\BOOKMARK [1][-]{section.4.6}{\376\377\000F\000e\000e\000\040\000S\000e\000n\000s\000i\000t\000i\000v\000i\000t\000y\000\040\000P\000r\000o\000j\000e\000c\000t\000i\000o\000n\000s}{chapter.4}% 50
\BOOKMARK [1][-]{section.4.7}{\376\377\000S\000y\000n\000t\000h\000e\000s\000i\000s\000:\000\040\000W\000h\000a\000t\000\040\000t\000h\000e\000\040\000M\000e\000a\000s\000u\000r\000e\000m\000e\000n\000t\000s\000\040\000I\000m\000p\000l\000y}{chapter.4}% 51
\BOOKMARK [1][-]{section.4.8}{\376\377\000C\000a\000s\000e\000\040\000S\000t\000u\000d\000y\000:\000\040\000S\000i\000m\000p\000l\000i\000c\000i\000t\000y\000\040\000o\000n\000\040\000E\000l\000e\000m\000e\000n\000t\000s}{chapter.4}% 52
\BOOKMARK [0][-]{chapter.5}{\376\377\000S\000e\000c\000u\000r\000i\000t\000y\000\040\000A\000n\000a\000l\000y\000s\000i\000s}{}% 53
\BOOKMARK [1][-]{section.5.1}{\376\377\000G\000r\000i\000e\000f\000i\000n\000g\040\023\000S\000a\000f\000e\000t\000y\000\040\000I\000m\000p\000o\000s\000s\000i\000b\000i\000l\000i\000t\000y}{chapter.5}% 54
\BOOKMARK [1][-]{section.5.2}{\376\377\000A\000d\000v\000e\000r\000s\000a\000r\000y\000\040\000A\000d\000v\000a\000n\000t\000a\000g\000e\000\040\000a\000n\000d\000\040\000S\000t\000r\000u\000c\000t\000u\000r\000a\000l\000\040\000A\000n\000a\000l\000y\000s\000i\000s}{chapter.5}% 55
\BOOKMARK [2][-]{subsection.5.2.1}{\376\377\000F\000r\000a\000m\000e\000w\000o\000r\000k}{section.5.2}% 56
\BOOKMARK [2][-]{subsection.5.2.2}{\376\377\000D\000e\000s\000i\000g\000n\000-\000S\000p\000a\000c\000e\000\040\000D\000e\000c\000o\000m\000p\000o\000s\000i\000t\000i\000o\000n}{section.5.2}% 57
\BOOKMARK [2][-]{subsection.5.2.3}{\376\377\000F\000e\000a\000t\000u\000r\000e\040\023\000V\000u\000l\000n\000e\000r\000a\000b\000i\000l\000i\000t\000y\000\040\000I\000m\000p\000l\000i\000c\000a\000t\000i\000o\000n\000s}{section.5.2}% 58
\BOOKMARK [2][-]{subsection.5.2.4}{\376\377\000S\000t\000r\000u\000c\000t\000u\000r\000a\000l\000\040\000C\000o\000n\000s\000e\000q\000u\000e\000n\000c\000e}{section.5.2}% 59
\BOOKMARK [2][-]{subsection.5.2.5}{\376\377\000R\000e\000l\000a\000t\000i\000o\000n\000s\000h\000i\000p\000\040\000t\000o\000\040\000P\000r\000o\000p\000o\000s\000i\000t\000i\000o\000n\000\040\0005\000.\0002}{section.5.2}% 60
\BOOKMARK [2][-]{subsection.5.2.6}{\376\377\000F\000e\000e\000-\000R\000a\000t\000e\000\040\000S\000e\000n\000s\000i\000t\000i\000v\000i\000t\000y\000\040\000o\000f\000\040\000T\000M\0004}{section.5.2}% 61
\BOOKMARK [1][-]{section.5.3}{\376\377\000C\000l\000a\000s\000s\000\040\000Z\0001\000:\000\040\000F\000e\000e\000-\000C\000h\000a\000n\000n\000e\000l\000\040\000P\000i\000n\000n\000i\000n\000g\000\040\000\050\000T\000M\0001\000\051}{chapter.5}% 62
\BOOKMARK [1][-]{section.5.4}{\376\377\000C\000l\000a\000s\000s\000\040\000Z\0003\000:\000\040\000P\000e\000r\000-\000U\000T\000X\000O\000\040\000R\000e\000c\000o\000v\000e\000r\000y\000-\000C\000o\000s\000t\000\040\000S\000c\000a\000l\000i\000n\000g\000\040\000\050\000T\000M\0004\000\051}{chapter.5}% 63
\BOOKMARK [2][-]{subsection.5.4.1}{\376\377\000B\000a\000t\000c\000h\000e\000d\000\040\000D\000e\000f\000e\000n\000d\000e\000r\000\040\000S\000t\000r\000a\000t\000e\000g\000y}{section.5.4}% 64
\BOOKMARK [1][-]{section.5.5}{\376\377\000C\000l\000a\000s\000s\000\040\000Z\0002\000:\000\040\000P\000e\000r\000m\000i\000s\000s\000i\000o\000n\000l\000e\000s\000s\000\040\000G\000r\000i\000e\000f\000i\000n\000g\000\040\000\050\000T\000M\0002\000\051}{chapter.5}% 65
\BOOKMARK [1][-]{section.5.6}{\376\377\000C\000l\000a\000s\000s\000\040\000Z\0004\000:\000\040\000H\000o\000t\000-\000K\000e\000y\000\040\000T\000h\000e\000f\000t\000\040\000v\000i\000a\000\040\000D\000e\000s\000t\000i\000n\000a\000t\000i\000o\000n\000\040\000S\000u\000b\000s\000t\000i\000t\000u\000t\000i\000o\000n\000\040\000\050\000T\000M\0003\000\051}{chapter.5}% 66
\BOOKMARK [1][-]{section.5.7}{\376\377\000C\000l\000a\000s\000s\000\040\000Z\0005\000:\000\040\000C\000o\000l\000d\000-\000K\000e\000y\000\040\000T\000h\000e\000f\000t\000\040\000v\000i\000a\000\040\000U\000n\000c\000o\000n\000s\000t\000r\000a\000i\000n\000e\000d\000\040\000R\000e\000c\000o\000v\000e\000r\000y\000\040\000\050\000T\000M\0001\0001\000\051}{chapter.5}% 67
\BOOKMARK [1][-]{section.5.8}{\376\377\000P\000r\000o\000j\000e\000c\000t\000i\000o\000n\000\040\000o\000n\000t\000o\000\040\000t\000h\000e\000\040\000\050\000g\000,\000\040\000b\000\051\000\040\000S\000u\000b\000l\000a\000t\000t\000i\000c\000e}{chapter.5}% 68
\BOOKMARK [1][-]{section.5.9}{\376\377\000T\000h\000r\000e\000a\000t\000\040\000M\000o\000d\000e\000l\000\040\000M\000a\000t\000r\000i\000x}{chapter.5}% 69
\BOOKMARK [1][-]{section.5.10}{\376\377\000D\000e\000p\000l\000o\000y\000m\000e\000n\000t\000\040\000G\000u\000i\000d\000a\000n\000c\000e}{chapter.5}% 70
\BOOKMARK [1][-]{section.5.11}{\376\377\000C\000l\000a\000s\000s\000\040\000Z\0006\000:\000\040\000M\000o\000d\000e\000/\000P\000a\000r\000a\000m\000e\000t\000e\000r\000\040\000B\000y\000p\000a\000s\000s\000\040\000\050\000T\000M\0008\000\051}{chapter.5}% 71
\BOOKMARK [2][-]{subsection.5.11.1}{\376\377\000S\000u\000s\000c\000e\000p\000t\000i\000b\000i\000l\000i\000t\000y}{section.5.11}% 72
\BOOKMARK [2][-]{subsection.5.11.2}{\376\377\000I\000m\000m\000u\000n\000i\000t\000y\000\040\000D\000e\000r\000i\000v\000a\000t\000i\000o\000n\000s}{section.5.11}% 73
\BOOKMARK [2][-]{subsection.5.11.3}{\376\377\000F\000r\000a\000m\000i\000n\000g\000:\000\040\000S\000p\000e\000c\000i\000f\000i\000e\000d\000\040\000B\000e\000h\000a\000v\000i\000o\000u\000r\000,\000\040\000N\000o\000t\000\040\000a\000\040\000N\000o\000v\000e\000l\000\040\000V\000u\000l\000n\000e\000r\000a\000b\000i\000l\000i\000t\000y}{section.5.11}% 74
\BOOKMARK [2][-]{subsection.5.11.4}{\376\377\000R\000a\000t\000i\000o\000n\000a\000l\000i\000t\000y\000\040\000a\000n\000d\000\040\000S\000c\000o\000p\000e}{section.5.11}% 75
\BOOKMARK [1][-]{section.5.12}{\376\377\000R\000a\000t\000i\000o\000n\000a\000l\000i\000t\000y\000\040\000B\000l\000o\000c\000k\000s\000\040\000f\000o\000r\000\040\000C\000l\000a\000s\000s\000e\000s\000\040\000Z\0001\040\023\000Z\0005}{chapter.5}% 76
\BOOKMARK [2][-]{subsection.5.12.1}{\376\377\000C\000l\000a\000s\000s\000\040\000Z\0001\000\040\000\050\000F\000e\000e\000-\000C\000h\000a\000n\000n\000e\000l\000\040\000P\000i\000n\000n\000i\000n\000g\000\051}{section.5.12}% 77
\BOOKMARK [2][-]{subsection.5.12.2}{\376\377\000C\000l\000a\000s\000s\000\040\000Z\0002\000\040\000\050\000P\000e\000r\000m\000i\000s\000s\000i\000o\000n\000l\000e\000s\000s\000\040\000G\000r\000i\000e\000f\000i\000n\000g\000\051}{section.5.12}% 78
\BOOKMARK [2][-]{subsection.5.12.3}{\376\377\000C\000l\000a\000s\000s\000\040\000Z\0003\000\040\000\050\000P\000e\000r\000-\000U\000T\000X\000O\000\040\000R\000e\000c\000o\000v\000e\000r\000y\000-\000C\000o\000s\000t\000\040\000S\000c\000a\000l\000i\000n\000g\000\051}{section.5.12}% 79
\BOOKMARK [2][-]{subsection.5.12.4}{\376\377\000C\000l\000a\000s\000s\000\040\000Z\0004\000\040\000\050\000H\000o\000t\000-\000K\000e\000y\000\040\000T\000h\000e\000f\000t\000\040\000v\000i\000a\000\040\000D\000e\000s\000t\000i\000n\000a\000t\000i\000o\000n\000\040\000S\000u\000b\000s\000t\000i\000t\000u\000t\000i\000o\000n\000\051}{section.5.12}% 80
\BOOKMARK [2][-]{subsection.5.12.5}{\376\377\000C\000l\000a\000s\000s\000\040\000Z\0005\000\040\000\050\000C\000o\000l\000d\000-\000K\000e\000y\000\040\000T\000h\000e\000f\000t\000\040\000v\000i\000a\000\040\000U\000n\000c\000o\000n\000s\000t\000r\000a\000i\000n\000e\000d\000\040\000R\000e\000c\000o\000v\000e\000r\000y\000\051}{section.5.12}% 81
\BOOKMARK [0][-]{chapter.6}{\376\377\000F\000o\000r\000m\000a\000l\000\040\000V\000e\000r\000i\000f\000i\000c\000a\000t\000i\000o\000n}{}% 82
\BOOKMARK [1][-]{section.6.1}{\376\377\000A\000l\000l\000o\000y\000\040\000a\000n\000d\000\040\000B\000o\000u\000n\000d\000e\000d\000\040\000M\000o\000d\000e\000l\000\040\000C\000h\000e\000c\000k\000i\000n\000g}{chapter.6}% 83
\BOOKMARK [1][-]{section.6.2}{\376\377\000P\000r\000o\000p\000e\000r\000t\000i\000e\000s\000\040\000a\000n\000d\000\040\000R\000e\000s\000u\000l\000t\000s}{chapter.6}% 84
\BOOKMARK [1][-]{section.6.3}{\376\377\000T\000h\000r\000e\000e\000-\000L\000a\000y\000e\000r\000\040\000E\000v\000i\000d\000e\000n\000c\000e\000\040\000M\000e\000t\000h\000o\000d\000o\000l\000o\000g\000y}{chapter.6}% 85
\BOOKMARK [0][-]{chapter.7}{\376\377\000D\000i\000s\000c\000u\000s\000s\000i\000o\000n}{}% 86
\BOOKMARK [1][-]{section.7.1}{\376\377\000L\000i\000m\000i\000t\000a\000t\000i\000o\000n\000s}{chapter.7}% 87
\BOOKMARK [2][-]{subsection.7.1.1}{\376\377\000R\000e\000g\000t\000e\000s\000t\000\040\000E\000n\000v\000i\000r\000o\000n\000m\000e\000n\000t}{section.7.1}% 88
\BOOKMARK [2][-]{subsection.7.1.2}{\376\377\000R\000e\000f\000e\000r\000e\000n\000c\000e\000\040\000I\000m\000p\000l\000e\000m\000e\000n\000t\000a\000t\000i\000o\000n\000s}{section.7.1}% 89
\BOOKMARK [2][-]{subsection.7.1.3}{\376\377\000R\000a\000t\000i\000o\000n\000a\000l\000\040\000A\000d\000v\000e\000r\000s\000a\000r\000y\000\040\000A\000s\000s\000u\000m\000p\000t\000i\000o\000n}{section.7.1}% 90
\BOOKMARK [2][-]{subsection.7.1.4}{\376\377\000T\000h\000r\000e\000a\000t\000s\000\040\000N\000o\000t\000\040\000M\000o\000d\000e\000l\000e\000d}{section.7.1}% 91
\BOOKMARK [1][-]{section.7.2}{\376\377\000M\000i\000t\000i\000g\000a\000t\000i\000o\000n\000s}{chapter.7}% 92
\BOOKMARK [2][-]{subsection.7.2.1}{\376\377\000T\000R\000U\000C\000/\000v\0003\000\040\000T\000r\000a\000n\000s\000a\000c\000t\000i\000o\000n\000s}{section.7.2}% 93
\BOOKMARK [2][-]{subsection.7.2.2}{\376\377\000B\000a\000t\000c\000h\000e\000d\000\040\000R\000e\000c\000o\000v\000e\000r\000y}{section.7.2}% 94
\BOOKMARK [2][-]{subsection.7.2.3}{\376\377\000P\000o\000e\000l\000s\000t\000r\000a\000\040\000R\000e\000s\000e\000t\000\040\000M\000o\000d\000e\000l}{section.7.2}% 95
\BOOKMARK [1][-]{section.7.3}{\376\377\000O\000p\000e\000n\000\040\000P\000r\000o\000b\000l\000e\000m\000s}{chapter.7}% 96
\BOOKMARK [0][-]{chapter.8}{\376\377\000R\000e\000l\000a\000t\000e\000d\000\040\000W\000o\000r\000k}{}% 97
\BOOKMARK [1][-]{section.8.1}{\376\377\000V\000a\000u\000l\000t\000\040\000C\000u\000s\000t\000o\000d\000y\000\040\000P\000r\000o\000t\000o\000c\000o\000l\000s}{chapter.8}% 98
\BOOKMARK [1][-]{section.8.2}{\376\377\000C\000o\000v\000e\000n\000a\000n\000t\000\040\000P\000r\000o\000p\000o\000s\000a\000l\000s\000\040\000a\000n\000d\000\040\000A\000n\000a\000l\000y\000s\000i\000s}{chapter.8}% 99
\BOOKMARK [1][-]{section.8.3}{\376\377\000F\000o\000r\000m\000a\000l\000\040\000V\000e\000r\000i\000f\000i\000c\000a\000t\000i\000o\000n\000\040\000o\000f\000\040\000B\000i\000t\000c\000o\000i\000n\000\040\000C\000o\000n\000t\000r\000a\000c\000t\000s}{chapter.8}% 100
\BOOKMARK [1][-]{section.8.4}{\376\377\000L\000a\000y\000e\000r\000-\000T\000w\000o\000\040\000S\000e\000c\000u\000r\000i\000t\000y\000\040\000a\000n\000d\000\040\000W\000a\000t\000c\000h\000t\000o\000w\000e\000r\000\040\000E\000c\000o\000n\000o\000m\000i\000c\000s}{chapter.8}% 101
\BOOKMARK [1][-]{section.8.5}{\376\377\000Q\000u\000a\000l\000i\000t\000a\000t\000i\000v\000e\000\040\000C\000o\000m\000p\000a\000r\000i\000s\000o\000n\000s}{chapter.8}% 102
\BOOKMARK [1][-]{section.8.6}{\376\377\000S\000u\000m\000m\000a\000r\000y\000\040\000o\000f\000\040\000P\000o\000s\000i\000t\000i\000o\000n\000i\000n\000g}{chapter.8}% 103
\BOOKMARK [0][-]{chapter.9}{\376\377\000C\000o\000n\000c\000l\000u\000s\000i\000o\000n}{}% 104
\BOOKMARK [1][-]{section.9.1}{\376\377\000F\000u\000t\000u\000r\000e\000\040\000W\000o\000r\000k}{chapter.9}% 105
\BOOKMARK [0][-]{chapter*.86}{\376\377\000B\000i\000b\000l\000i\000o\000g\000r\000a\000p\000h\000y}{}% 106
\BOOKMARK [0][-]{section*.87}{\376\377\000A\000p\000p\000e\000n\000d\000i\000c\000e\000s}{}% 107
\BOOKMARK [0][-]{appendix.1.A}{\376\377\000A\000p\000p\000e\000n\000d\000i\000x\000\040\000A\000l\000l\000o\000y\000\040\000M\000o\000d\000e\000l\000\040\000D\000e\000t\000a\000i\000l\000s}{}% 108
\BOOKMARK [1][-]{section.1.A.1}{\376\377\000M\000o\000d\000e\000l\000\040\000A\000r\000c\000h\000i\000t\000e\000c\000t\000u\000r\000e}{appendix.1.A}% 109
\BOOKMARK [1][-]{section.1.A.2}{\376\377\000P\000e\000r\000-\000C\000o\000v\000e\000n\000a\000n\000t\000\040\000D\000e\000t\000a\000i\000l\000e\000d\000\040\000R\000e\000s\000u\000l\000t\000s}{appendix.1.A}% 110
\BOOKMARK [1][-]{section.1.A.3}{\376\377\000L\000i\000m\000i\000t\000a\000t\000i\000o\000n\000s\000\040\000o\000f\000\040\000t\000h\000e\000\040\000F\000o\000r\000m\000a\000l\000\040\000M\000o\000d\000e\000l\000s}{appendix.1.A}% 111
\BOOKMARK [0][-]{appendix.1.B}{\376\377\000A\000p\000p\000e\000n\000d\000i\000x\000\040\000S\000i\000m\000p\000l\000i\000c\000i\000t\000y\000\040\000o\000n\000\040\000E\000l\000e\000m\000e\000n\000t\000s\000:\000\040\000T\000h\000e\000\040\000U\000n\000o\000c\000c\000u\000p\000i\000e\000d\000\040\000O\000p\000t\000i\000m\000a\000l\000\040\000C\000o\000r\000n\000e\000r}{}% 112
\BOOKMARK [1][-]{section.1.B.1}{\376\377\000S\000c\000o\000p\000e\000\040\000a\000n\000d\000\040\000M\000o\000t\000i\000v\000a\000t\000i\000o\000n}{appendix.1.B}% 113
\BOOKMARK [1][-]{section.1.B.2}{\376\377\000D\000e\000s\000i\000g\000n\000-\000S\000p\000a\000c\000e\000\040\000P\000o\000s\000i\000t\000i\000o\000n}{appendix.1.B}% 114
\BOOKMARK [1][-]{section.1.B.3}{\376\377\000L\000i\000f\000e\000c\000y\000c\000l\000e\000\040\000M\000e\000a\000s\000u\000r\000e\000m\000e\000n\000t\000s}{appendix.1.B}% 115
\BOOKMARK [1][-]{section.1.B.4}{\376\377\000F\000o\000u\000n\000d\000a\000t\000i\000o\000n\000s\000\040\000a\000n\000d\000\040\000S\000u\000b\000s\000t\000r\000a\000t\000e}{appendix.1.B}% 116
\BOOKMARK [1][-]{section.1.B.5}{\376\377\000F\000u\000t\000u\000r\000e\000\040\000W\000o\000r\000k\000:\000\040\000P\000o\000r\000t\000i\000n\000g\000\040\000t\000h\000e\000\040\000O\000p\000t\000i\000m\000a\000l\000\040\000C\000o\000r\000n\000e\000r\000\040\000t\000o\000\040\000B\000i\000t\000c\000o\000i\000n}{appendix.1.B}% 117
\BOOKMARK [0][-]{appendix.1.C}{\376\377\000A\000p\000p\000e\000n\000d\000i\000x\000\040\000R\000a\000t\000i\000o\000n\000a\000l\000i\000t\000y\000\040\000B\000l\000o\000c\000k\000\040\000T\000e\000m\000p\000l\000a\000t\000e\000\040\000a\000n\000d\000\040\000F\000u\000l\000l\000\040\000C\000a\000t\000a\000l\000o\000g\000u\000e}{}% 118
\BOOKMARK [1][-]{section.1.C.1}{\376\377\000P\000u\000r\000p\000o\000s\000e}{appendix.1.C}% 119
\BOOKMARK [1][-]{section.1.C.2}{\376\377\000C\000l\000a\000s\000s\000\040\000Z\0001\000:\000\040\000F\000e\000e\000-\000C\000h\000a\000n\000n\000e\000l\000\040\000P\000i\000n\000n\000i\000n\000g}{appendix.1.C}% 120
\BOOKMARK [1][-]{section.1.C.3}{\376\377\000C\000l\000a\000s\000s\000\040\000Z\0002\000:\000\040\000P\000e\000r\000m\000i\000s\000s\000i\000o\000n\000l\000e\000s\000s\000\040\000G\000r\000i\000e\000f\000i\000n\000g}{appendix.1.C}% 121
\BOOKMARK [1][-]{section.1.C.4}{\376\377\000C\000l\000a\000s\000s\000\040\000Z\0003\000:\000\040\000P\000e\000r\000-\000U\000T\000X\000O\000\040\000R\000e\000c\000o\000v\000e\000r\000y\000-\000C\000o\000s\000t\000\040\000S\000c\000a\000l\000i\000n\000g}{appendix.1.C}% 122
\BOOKMARK [1][-]{section.1.C.5}{\376\377\000C\000l\000a\000s\000s\000\040\000Z\0004\000:\000\040\000H\000o\000t\000-\000K\000e\000y\000\040\000T\000h\000e\000f\000t\000\040\000v\000i\000a\000\040\000D\000e\000s\000t\000i\000n\000a\000t\000i\000o\000n\000\040\000S\000u\000b\000s\000t\000i\000t\000u\000t\000i\000o\000n}{appendix.1.C}% 123
\BOOKMARK [1][-]{section.1.C.6}{\376\377\000C\000l\000a\000s\000s\000\040\000Z\0005\000:\000\040\000C\000o\000l\000d\000-\000K\000e\000y\000\040\000T\000h\000e\000f\000t\000\040\000v\000i\000a\000\040\000U\000n\000c\000o\000n\000s\000t\000r\000a\000i\000n\000e\000d\000\040\000R\000e\000c\000o\000v\000e\000r\000y}{appendix.1.C}% 124
\BOOKMARK [1][-]{section.1.C.7}{\376\377\000C\000l\000a\000s\000s\000\040\000Z\0006\000:\000\040\000M\000o\000d\000e\000/\000P\000a\000r\000a\000m\000e\000t\000e\000r\000\040\000B\000y\000p\000a\000s\000s}{appendix.1.C}% 125
