\BOOKMARK [0][-]{chapter*.2}{\376\377\000L\000i\000s\000t\000\040\000o\000f\000\040\000F\000i\000g\000u\000r\000e\000s}{}% 1
\BOOKMARK [0][-]{chapter*.3}{\376\377\000L\000i\000s\000t\000\040\000o\000f\000\040\000T\000a\000b\000l\000e\000s}{}% 2
\BOOKMARK [0][-]{chapter*.4}{\376\377\000L\000i\000s\000t\000\040\000o\000f\000\040\000A\000b\000b\000r\000e\000v\000i\000a\000t\000i\000o\000n\000s}{}% 3
\BOOKMARK [0][-]{chapter.1}{\376\377\000I\000n\000t\000r\000o\000d\000u\000c\000t\000i\000o\000n}{}% 4
\BOOKMARK [1][-]{section.1.1}{\376\377\000M\000a\000i\000n\000\040\000R\000e\000s\000u\000l\000t\000s}{chapter.1}% 5
\BOOKMARK [1][-]{section.1.2}{\376\377\000C\000o\000n\000t\000r\000i\000b\000u\000t\000i\000o\000n\000s}{chapter.1}% 6
\BOOKMARK [1][-]{section.1.3}{\376\377\000S\000c\000o\000p\000e\000\040\000a\000n\000d\000\040\000L\000i\000m\000i\000t\000a\000t\000i\000o\000n\000s}{chapter.1}% 7
\BOOKMARK [1][-]{section.1.4}{\376\377\000T\000h\000e\000s\000i\000s\000\040\000O\000r\000g\000a\000n\000i\000z\000a\000t\000i\000o\000n}{chapter.1}% 8
\BOOKMARK [0][-]{chapter.2}{\376\377\000B\000a\000c\000k\000g\000r\000o\000u\000n\000d}{}% 9
\BOOKMARK [1][-]{section.2.1}{\376\377\000B\000i\000t\000c\000o\000i\000n\000\040\000S\000c\000r\000i\000p\000t\000\040\000a\000n\000d\000\040\000I\000t\000s\000\040\000L\000i\000m\000i\000t\000a\000t\000i\000o\000n\000s}{chapter.2}% 10
\BOOKMARK [1][-]{section.2.2}{\376\377\000T\000r\000a\000n\000s\000a\000c\000t\000i\000o\000n\000\040\000I\000n\000t\000r\000o\000s\000p\000e\000c\000t\000i\000o\000n}{chapter.2}% 11
\BOOKMARK [1][-]{section.2.3}{\376\377\000C\000o\000v\000e\000n\000a\000n\000t\000s\000:\000\040\000G\000e\000n\000e\000r\000i\000c\000\040\000a\000n\000d\000\040\000P\000u\000r\000p\000o\000s\000e\000-\000B\000u\000i\000l\000t}{chapter.2}% 12
\BOOKMARK [2][-]{subsection.2.3.1}{\376\377\000G\000e\000n\000e\000r\000i\000c\000\040\000C\000o\000v\000e\000n\000a\000n\000t\000s}{section.2.3}% 13
\BOOKMARK [2][-]{subsection.2.3.2}{\376\377\000P\000u\000r\000p\000o\000s\000e\000-\000B\000u\000i\000l\000t\000\040\000C\000o\000v\000e\000n\000a\000n\000t\000s}{section.2.3}% 14
\BOOKMARK [2][-]{subsection.2.3.3}{\376\377\000T\000h\000e\000\040\000R\000e\000c\000u\000r\000s\000i\000v\000e\000\040\000C\000o\000v\000e\000n\000a\000n\000t\000\040\000Q\000u\000e\000s\000t\000i\000o\000n}{section.2.3}% 15
\BOOKMARK [1][-]{section.2.4}{\376\377\000V\000a\000u\000l\000t\000\040\000L\000i\000f\000e\000c\000y\000c\000l\000e\000\040\000a\000n\000d\000\040\000T\000h\000r\000e\000a\000t\000\040\000M\000o\000d\000e\000l}{chapter.2}% 16
\BOOKMARK [2][-]{subsection.2.4.1}{\376\377\000T\000h\000r\000e\000a\000t\000\040\000T\000a\000x\000o\000n\000o\000m\000y}{section.2.4}% 17
\BOOKMARK [1][-]{section.2.5}{\376\377\000O\000P\000\137\000C\000H\000E\000C\000K\000T\000E\000M\000P\000L\000A\000T\000E\000V\000E\000R\000I\000F\000Y\000\040\000\050\000C\000T\000V\000\051}{chapter.2}% 18
\BOOKMARK [1][-]{section.2.6}{\376\377\000O\000P\000\137\000C\000H\000E\000C\000K\000C\000O\000N\000T\000R\000A\000C\000T\000V\000E\000R\000I\000F\000Y\000\040\000\050\000C\000C\000V\000\051}{chapter.2}% 19
\BOOKMARK [1][-]{section.2.7}{\376\377\000O\000P\000\137\000V\000A\000U\000L\000T\000\040\000\050\000B\000I\000P\000-\0003\0004\0005\000\051}{chapter.2}% 20
\BOOKMARK [1][-]{section.2.8}{\376\377\000C\000A\000T\000+\000C\000S\000F\000S\000\040\000\050\000B\000I\000P\000-\0003\0004\0007\000\040\000+\000\040\000B\000I\000P\000-\0003\0004\0008\000\051}{chapter.2}% 21
\BOOKMARK [1][-]{section.2.9}{\376\377\000S\000i\000m\000p\000l\000i\000c\000i\000t\000y\000\040\000o\000n\000\040\000E\000l\000e\000m\000e\000n\000t\000s\000:\000\040\000A\000n\000\040\000A\000l\000t\000e\000r\000n\000a\000t\000i\000v\000e\000\040\000S\000c\000r\000i\000p\000t\000\040\000P\000r\000i\000m\000i\000t\000i\000v\000e}{chapter.2}% 22
\BOOKMARK [0][-]{chapter.3}{\376\377\000M\000e\000a\000s\000u\000r\000e\000m\000e\000n\000t\000\040\000M\000e\000t\000h\000o\000d\000o\000l\000o\000g\000y}{}% 23
\BOOKMARK [1][-]{section.3.1}{\376\377\000F\000r\000a\000m\000e\000w\000o\000r\000k\000\040\000A\000r\000c\000h\000i\000t\000e\000c\000t\000u\000r\000e}{chapter.3}% 24
\BOOKMARK [2][-]{subsection.3.1.1}{\376\377\000A\000d\000a\000p\000t\000e\000r\000\040\000I\000n\000t\000e\000r\000f\000a\000c\000e}{section.3.1}% 25
\BOOKMARK [2][-]{subsection.3.1.2}{\376\377\000C\000a\000p\000a\000b\000i\000l\000i\000t\000y\000-\000B\000a\000s\000e\000d\000\040\000D\000i\000s\000p\000a\000t\000c\000h}{section.3.1}% 26
\BOOKMARK [2][-]{subsection.3.1.3}{\376\377\000I\000m\000p\000l\000e\000m\000e\000n\000t\000a\000t\000i\000o\000n\000\040\000P\000r\000o\000v\000e\000n\000a\000n\000c\000e}{section.3.1}% 27
\BOOKMARK [1][-]{section.3.2}{\376\377\000P\000r\000i\000m\000a\000r\000y\000\040\000M\000e\000t\000r\000i\000c\000:\000\040\000V\000i\000r\000t\000u\000a\000l\000\040\000S\000i\000z\000e}{chapter.3}% 28
\BOOKMARK [2][-]{subsection.3.2.1}{\376\377\000F\000e\000e\000\040\000P\000r\000o\000j\000e\000c\000t\000i\000o\000n\000\040\000M\000o\000d\000e\000l}{section.3.2}% 29
\BOOKMARK [1][-]{section.3.3}{\376\377\000R\000e\000g\000t\000e\000s\000t\000\040\000V\000a\000l\000i\000d\000i\000t\000y}{chapter.3}% 30
\BOOKMARK [1][-]{section.3.4}{\376\377\000E\000x\000p\000e\000r\000i\000m\000e\000n\000t\000\040\000C\000a\000t\000a\000l\000o\000g}{chapter.3}% 31
\BOOKMARK [1][-]{section.3.5}{\376\377\000N\000o\000d\000e\000\040\000I\000n\000f\000r\000a\000s\000t\000r\000u\000c\000t\000u\000r\000e}{chapter.3}% 32
\BOOKMARK [0][-]{chapter.4}{\376\377\000E\000m\000p\000i\000r\000i\000c\000a\000l\000\040\000R\000e\000s\000u\000l\000t\000s}{}% 33
\BOOKMARK [1][-]{section.4.1}{\376\377\000L\000i\000f\000e\000c\000y\000c\000l\000e\000\040\000C\000o\000s\000t\000\040\000M\000e\000a\000s\000u\000r\000e\000m\000e\000n\000t\000s}{chapter.4}% 34
\BOOKMARK [1][-]{section.4.2}{\376\377\000O\000P\000\137\000V\000A\000U\000L\000T\000\040\000V\000s\000i\000z\000e\000\040\000C\000o\000r\000r\000e\000c\000t\000i\000o\000n}{chapter.4}% 35
\BOOKMARK [1][-]{section.4.3}{\376\377\000B\000a\000t\000c\000h\000i\000n\000g\000\040\000E\000f\000f\000i\000c\000i\000e\000n\000c\000y}{chapter.4}% 36
\BOOKMARK [1][-]{section.4.4}{\376\377\000R\000e\000v\000a\000u\000l\000t\000\040\000A\000m\000p\000l\000i\000f\000i\000c\000a\000t\000i\000o\000n}{chapter.4}% 37
\BOOKMARK [1][-]{section.4.5}{\376\377\000A\000d\000d\000r\000e\000s\000s\000\040\000R\000e\000u\000s\000e}{chapter.4}% 38
\BOOKMARK [1][-]{section.4.6}{\376\377\000F\000e\000e\000\040\000S\000e\000n\000s\000i\000t\000i\000v\000i\000t\000y\000\040\000P\000r\000o\000j\000e\000c\000t\000i\000o\000n\000s}{chapter.4}% 39
\BOOKMARK [1][-]{section.4.7}{\376\377\000S\000y\000n\000t\000h\000e\000s\000i\000s\000:\000\040\000W\000h\000a\000t\000\040\000t\000h\000e\000\040\000M\000e\000a\000s\000u\000r\000e\000m\000e\000n\000t\000s\000\040\000I\000m\000p\000l\000y}{chapter.4}% 40
\BOOKMARK [1][-]{section.4.8}{\376\377\000C\000a\000s\000e\000\040\000S\000t\000u\000d\000y\000:\000\040\000S\000i\000m\000p\000l\000i\000c\000i\000t\000y\000\040\000o\000n\000\040\000E\000l\000e\000m\000e\000n\000t\000s}{chapter.4}% 41
\BOOKMARK [0][-]{chapter.5}{\376\377\000S\000e\000c\000u\000r\000i\000t\000y\000\040\000A\000n\000a\000l\000y\000s\000i\000s}{}% 42
\BOOKMARK [1][-]{section.5.1}{\376\377\000G\000r\000i\000e\000f\000i\000n\000g\040\023\000S\000a\000f\000e\000t\000y\000\040\000I\000m\000p\000o\000s\000s\000i\000b\000i\000l\000i\000t\000y}{chapter.5}% 43
\BOOKMARK [1][-]{section.5.2}{\376\377\000A\000d\000v\000e\000r\000s\000a\000r\000y\000\040\000A\000d\000v\000a\000n\000t\000a\000g\000e\000\040\000a\000n\000d\000\040\000S\000t\000r\000u\000c\000t\000u\000r\000a\000l\000\040\000A\000n\000a\000l\000y\000s\000i\000s}{chapter.5}% 44
\BOOKMARK [2][-]{subsection.5.2.1}{\376\377\000F\000r\000a\000m\000e\000w\000o\000r\000k}{section.5.2}% 45
\BOOKMARK [2][-]{subsection.5.2.2}{\376\377\000D\000e\000s\000i\000g\000n\000-\000S\000p\000a\000c\000e\000\040\000D\000e\000c\000o\000m\000p\000o\000s\000i\000t\000i\000o\000n}{section.5.2}% 46
\BOOKMARK [2][-]{subsection.5.2.3}{\376\377\000F\000e\000a\000t\000u\000r\000e\040\023\000V\000u\000l\000n\000e\000r\000a\000b\000i\000l\000i\000t\000y\000\040\000I\000m\000p\000l\000i\000c\000a\000t\000i\000o\000n\000s}{section.5.2}% 47
\BOOKMARK [2][-]{subsection.5.2.4}{\376\377\000S\000t\000r\000u\000c\000t\000u\000r\000a\000l\000\040\000C\000o\000n\000s\000e\000q\000u\000e\000n\000c\000e}{section.5.2}% 48
\BOOKMARK [2][-]{subsection.5.2.5}{\376\377\000R\000e\000l\000a\000t\000i\000o\000n\000s\000h\000i\000p\000\040\000t\000o\000\040\000P\000r\000o\000p\000o\000s\000i\000t\000i\000o\000n\000\040\0005\000.\0002}{section.5.2}% 49
\BOOKMARK [2][-]{subsection.5.2.6}{\376\377\000F\000e\000e\000-\000R\000a\000t\000e\000\040\000S\000e\000n\000s\000i\000t\000i\000v\000i\000t\000y\000\040\000o\000f\000\040\000T\000M\0004}{section.5.2}% 50
\BOOKMARK [1][-]{section.5.3}{\376\377\000F\000e\000e\000\040\000P\000i\000n\000n\000i\000n\000g\000\040\000\050\000T\000M\0001\000\051}{chapter.5}% 51
\BOOKMARK [1][-]{section.5.4}{\376\377\000W\000a\000t\000c\000h\000t\000o\000w\000e\000r\000\040\000E\000x\000h\000a\000u\000s\000t\000i\000o\000n\000\040\000\050\000T\000M\0004\000\051}{chapter.5}% 52
\BOOKMARK [2][-]{subsection.5.4.1}{\376\377\000B\000a\000t\000c\000h\000e\000d\000\040\000D\000e\000f\000e\000n\000d\000e\000r\000\040\000S\000t\000r\000a\000t\000e\000g\000y}{section.5.4}% 53
\BOOKMARK [1][-]{section.5.5}{\376\377\000R\000e\000c\000o\000v\000e\000r\000y\000\040\000G\000r\000i\000e\000f\000i\000n\000g\000\040\000\050\000T\000M\0002\000\051}{chapter.5}% 54
\BOOKMARK [1][-]{section.5.6}{\376\377\000T\000r\000i\000g\000g\000e\000r\000\040\000K\000e\000y\000\040\000T\000h\000e\000f\000t\000\040\000\050\000T\000M\0003\000\051}{chapter.5}% 55
\BOOKMARK [1][-]{section.5.7}{\376\377\000C\000o\000l\000d\000\040\000K\000e\000y\000\040\000R\000e\000c\000o\000v\000e\000r\000y\000\040\000\050\000T\000M\0001\0001\000\051}{chapter.5}% 56
\BOOKMARK [1][-]{section.5.8}{\376\377\000P\000r\000o\000j\000e\000c\000t\000i\000o\000n\000\040\000o\000n\000t\000o\000\040\000t\000h\000e\000\040\000\050\000g\000,\000\040\000b\000\051\000\040\000S\000u\000b\000l\000a\000t\000t\000i\000c\000e}{chapter.5}% 57
\BOOKMARK [1][-]{section.5.9}{\376\377\000T\000h\000r\000e\000a\000t\000\040\000M\000o\000d\000e\000l\000\040\000M\000a\000t\000r\000i\000x}{chapter.5}% 58
\BOOKMARK [1][-]{section.5.10}{\376\377\000D\000e\000p\000l\000o\000y\000m\000e\000n\000t\000\040\000G\000u\000i\000d\000a\000n\000c\000e}{chapter.5}% 59
\BOOKMARK [0][-]{chapter.6}{\376\377\000F\000o\000r\000m\000a\000l\000\040\000V\000e\000r\000i\000f\000i\000c\000a\000t\000i\000o\000n}{}% 60
\BOOKMARK [1][-]{section.6.1}{\376\377\000A\000l\000l\000o\000y\000\040\000a\000n\000d\000\040\000B\000o\000u\000n\000d\000e\000d\000\040\000M\000o\000d\000e\000l\000\040\000C\000h\000e\000c\000k\000i\000n\000g}{chapter.6}% 61
\BOOKMARK [1][-]{section.6.2}{\376\377\000P\000r\000o\000p\000e\000r\000t\000i\000e\000s\000\040\000a\000n\000d\000\040\000R\000e\000s\000u\000l\000t\000s}{chapter.6}% 62
\BOOKMARK [1][-]{section.6.3}{\376\377\000T\000h\000r\000e\000e\000-\000L\000a\000y\000e\000r\000\040\000E\000v\000i\000d\000e\000n\000c\000e\000\040\000M\000e\000t\000h\000o\000d\000o\000l\000o\000g\000y}{chapter.6}% 63
\BOOKMARK [0][-]{chapter.7}{\376\377\000D\000i\000s\000c\000u\000s\000s\000i\000o\000n}{}% 64
\BOOKMARK [1][-]{section.7.1}{\376\377\000L\000i\000m\000i\000t\000a\000t\000i\000o\000n\000s}{chapter.7}% 65
\BOOKMARK [2][-]{subsection.7.1.1}{\376\377\000R\000e\000g\000t\000e\000s\000t\000\040\000E\000n\000v\000i\000r\000o\000n\000m\000e\000n\000t}{section.7.1}% 66
\BOOKMARK [2][-]{subsection.7.1.2}{\376\377\000R\000e\000f\000e\000r\000e\000n\000c\000e\000\040\000I\000m\000p\000l\000e\000m\000e\000n\000t\000a\000t\000i\000o\000n\000s}{section.7.1}% 67
\BOOKMARK [2][-]{subsection.7.1.3}{\376\377\000R\000a\000t\000i\000o\000n\000a\000l\000\040\000A\000d\000v\000e\000r\000s\000a\000r\000y\000\040\000A\000s\000s\000u\000m\000p\000t\000i\000o\000n}{section.7.1}% 68
\BOOKMARK [2][-]{subsection.7.1.4}{\376\377\000T\000h\000r\000e\000a\000t\000s\000\040\000N\000o\000t\000\040\000M\000o\000d\000e\000l\000e\000d}{section.7.1}% 69
\BOOKMARK [1][-]{section.7.2}{\376\377\000M\000i\000t\000i\000g\000a\000t\000i\000o\000n\000s}{chapter.7}% 70
\BOOKMARK [2][-]{subsection.7.2.1}{\376\377\000T\000R\000U\000C\000/\000v\0003\000\040\000T\000r\000a\000n\000s\000a\000c\000t\000i\000o\000n\000s}{section.7.2}% 71
\BOOKMARK [2][-]{subsection.7.2.2}{\376\377\000B\000a\000t\000c\000h\000e\000d\000\040\000R\000e\000c\000o\000v\000e\000r\000y}{section.7.2}% 72
\BOOKMARK [2][-]{subsection.7.2.3}{\376\377\000P\000o\000e\000l\000s\000t\000r\000a\000\040\000R\000e\000s\000e\000t\000\040\000M\000o\000d\000e\000l}{section.7.2}% 73
\BOOKMARK [1][-]{section.7.3}{\376\377\000O\000p\000e\000n\000\040\000P\000r\000o\000b\000l\000e\000m\000s}{chapter.7}% 74
\BOOKMARK [0][-]{chapter.8}{\376\377\000R\000e\000l\000a\000t\000e\000d\000\040\000W\000o\000r\000k}{}% 75
\BOOKMARK [1][-]{section.8.1}{\376\377\000V\000a\000u\000l\000t\000\040\000C\000u\000s\000t\000o\000d\000y\000\040\000P\000r\000o\000t\000o\000c\000o\000l\000s}{chapter.8}% 76
\BOOKMARK [1][-]{section.8.2}{\376\377\000C\000o\000v\000e\000n\000a\000n\000t\000\040\000P\000r\000o\000p\000o\000s\000a\000l\000s\000\040\000a\000n\000d\000\040\000A\000n\000a\000l\000y\000s\000i\000s}{chapter.8}% 77
\BOOKMARK [1][-]{section.8.3}{\376\377\000F\000o\000r\000m\000a\000l\000\040\000V\000e\000r\000i\000f\000i\000c\000a\000t\000i\000o\000n\000\040\000o\000f\000\040\000B\000i\000t\000c\000o\000i\000n\000\040\000C\000o\000n\000t\000r\000a\000c\000t\000s}{chapter.8}% 78
\BOOKMARK [1][-]{section.8.4}{\376\377\000L\000a\000y\000e\000r\000-\000T\000w\000o\000\040\000S\000e\000c\000u\000r\000i\000t\000y\000\040\000a\000n\000d\000\040\000W\000a\000t\000c\000h\000t\000o\000w\000e\000r\000\040\000E\000c\000o\000n\000o\000m\000i\000c\000s}{chapter.8}% 79
\BOOKMARK [1][-]{section.8.5}{\376\377\000Q\000u\000a\000l\000i\000t\000a\000t\000i\000v\000e\000\040\000C\000o\000m\000p\000a\000r\000i\000s\000o\000n\000s}{chapter.8}% 80
\BOOKMARK [1][-]{section.8.6}{\376\377\000S\000u\000m\000m\000a\000r\000y\000\040\000o\000f\000\040\000P\000o\000s\000i\000t\000i\000o\000n\000i\000n\000g}{chapter.8}% 81
\BOOKMARK [0][-]{chapter.9}{\376\377\000C\000o\000n\000c\000l\000u\000s\000i\000o\000n}{}% 82
\BOOKMARK [1][-]{section.9.1}{\376\377\000F\000u\000t\000u\000r\000e\000\040\000W\000o\000r\000k}{chapter.9}% 83
\BOOKMARK [0][-]{section*.82}{\376\377\000A\000p\000p\000e\000n\000d\000i\000c\000e\000s}{}% 84
\BOOKMARK [0][-]{appendix.1.A}{\376\377\000A\000p\000p\000e\000n\000d\000i\000x\000\040\000A\000l\000l\000o\000y\000\040\000M\000o\000d\000e\000l\000\040\000D\000e\000t\000a\000i\000l\000s}{}% 85
\BOOKMARK [1][-]{section.1.A.1}{\376\377\000M\000o\000d\000e\000l\000\040\000A\000r\000c\000h\000i\000t\000e\000c\000t\000u\000r\000e}{appendix.1.A}% 86
\BOOKMARK [1][-]{section.1.A.2}{\376\377\000P\000e\000r\000-\000C\000o\000v\000e\000n\000a\000n\000t\000\040\000D\000e\000t\000a\000i\000l\000e\000d\000\040\000R\000e\000s\000u\000l\000t\000s}{appendix.1.A}% 87
\BOOKMARK [1][-]{section.1.A.3}{\376\377\000L\000i\000m\000i\000t\000a\000t\000i\000o\000n\000s\000\040\000o\000f\000\040\000t\000h\000e\000\040\000F\000o\000r\000m\000a\000l\000\040\000M\000o\000d\000e\000l\000s}{appendix.1.A}% 88
